feedback.html     http://outreach.vlabs.ac.in/
index.html     http://outreach.vlabs.ac.in/
objective.html     http://outreach.vlabs.ac.in/
performance-report.html     http://vlab.co.in
posttest.html     http://outreach.vlabs.ac.in/
pretest.html     http://outreach.vlabs.ac.in/
procedure.html     http://outreach.vlabs.ac.in/
references.html     http://www.eng.tau.ac.il/~yaro/lectnotes/
references.html     http://www.cs.nmt.edu/~ip/lectures.html
references.html     http://outreach.vlabs.ac.in/
theory.html     http://outreach.vlabs.ac.in/
validator-report.html     http://vlab.co.in
assignment/Prerequisites.html     http://vlabs.ac.in/index.html
assignment/Prerequisites.html     http://vlabs.ac.in/index.html
assignment/Prerequisites.html     http://vlabs.ac.in/index.html#partner
assignment/Prerequisites.html     http://vlabs.ac.in/index.html#contact
assignment/Prerequisites.html     http://vlabs.ac.in/computer-science-and-engineering-labs.html
assignment/Prerequisites.html     http://www.sakshat.ac.in/
assignment/Prerequisites.html     http://outreach.vlabs.ac.in/
assignment/Prerequisites.html     http://vlab.co.in/faq
assignment/content.html     http://virtual-labs.ac.in/feedback/?lab=cse19
assignment/content.html     http://www.sakshat.ac.in/
assignment/content.html     http://outreach.vlabs.ac.in/
assignment/content.html     http://vlab.co.in/faq
assignment/content.html     http://virtual-labs.ac.in/nmeict/
assignment/content.html     http://virtual-labs.ac.in/licensing/
assignment/default.html     http://www.sakshat.ac.in/
assignment/default.html     http://outreach.vlabs.ac.in/
assignment/default.html     http://vlab.co.in/faq
assignment/faq.html     http://vlabs.ac.in/index.html
assignment/faq.html     http://vlabs.ac.in/index.html
assignment/faq.html     http://vlabs.ac.in/index.html#partner
assignment/faq.html     http://vlabs.ac.in/index.html#contact
assignment/faq.html     http://vlabs.ac.in/
assignment/faq.html     http://vlabs.ac.in/pre-requisites.html
assignment/faq.html     http://vlabs-dev.vlabs.ac.in/community/contributing.html
assignment/faq.html     http://www.sakshat.ac.in/
assignment/faq.html     http://outreach.vlabs.ac.in/
assignment/faq.html     http://vlab.co.in/faq
assignment/template.html     http://vlabs.ac.in/index.html
assignment/template.html     http://vlabs.ac.in/index.html
assignment/template.html     http://vlabs.ac.in/index.html#partner
assignment/template.html     http://vlabs.ac.in/index.html#contact
assignment/template.html     http://www.sakshat.ac.in/
assignment/template.html     http://outreach.vlabs.ac.in/
assignment/template.html     http://vlab.co.in/faq
simulation/Prerequisites.html     http://vlabs.ac.in/index.html
simulation/Prerequisites.html     http://vlabs.ac.in/index.html
simulation/Prerequisites.html     http://vlabs.ac.in/index.html#partner
simulation/Prerequisites.html     http://vlabs.ac.in/index.html#contact
simulation/Prerequisites.html     http://vlabs.ac.in/computer-science-and-engineering-labs.html
simulation/Prerequisites.html     http://www.sakshat.ac.in/
simulation/Prerequisites.html     http://outreach.vlabs.ac.in/
simulation/Prerequisites.html     http://vlab.co.in/faq
simulation/content.html     http://virtual-labs.ac.in/feedback/?lab=cse19
simulation/content.html     http://www.sakshat.ac.in/
simulation/content.html     http://outreach.vlabs.ac.in/
simulation/content.html     http://vlab.co.in/faq
simulation/content.html     http://virtual-labs.ac.in/nmeict/
simulation/content.html     http://virtual-labs.ac.in/licensing/
simulation/default.html     http://www.sakshat.ac.in/
simulation/default.html     http://outreach.vlabs.ac.in/
simulation/default.html     http://vlab.co.in/faq
simulation/faq.html     http://vlabs.ac.in/index.html
simulation/faq.html     http://vlabs.ac.in/index.html
simulation/faq.html     http://vlabs.ac.in/index.html#partner
simulation/faq.html     http://vlabs.ac.in/index.html#contact
simulation/faq.html     http://vlabs.ac.in/
simulation/faq.html     http://vlabs.ac.in/pre-requisites.html
simulation/faq.html     http://vlabs-dev.vlabs.ac.in/community/contributing.html
simulation/faq.html     http://www.sakshat.ac.in/
simulation/faq.html     http://outreach.vlabs.ac.in/
simulation/faq.html     http://vlab.co.in/faq
simulation/template.html     http://vlabs.ac.in/index.html
simulation/template.html     http://vlabs.ac.in/index.html
simulation/template.html     http://vlabs.ac.in/index.html#partner
simulation/template.html     http://vlabs.ac.in/index.html#contact
simulation/template.html     http://www.sakshat.ac.in/
simulation/template.html     http://outreach.vlabs.ac.in/
simulation/template.html     http://vlab.co.in/faq
assignment/segment/Assignment.html     http://vlabs.ac.in/index.html
assignment/segment/Assignment.html     http://vlab.co.in/
assignment/segment/Assignment.html     http://vlab.co.in/participating-institutes
assignment/segment/Assignment.html     http://vlab.co.in/contact-us
assignment/segment/Assignment.html     http://vlab.co.in/broad-area-computer-science-and-engineering
assignment/segment/Assignment.html     http://www.sakshat.ac.in/
assignment/segment/Assignment.html     http://outreach.vlabs.ac.in/
assignment/segment/Assignment.html     http://vlab.co.in/faq
assignment/segment/Experiment.html     http://vlabs.ac.in/index.html
assignment/segment/Experiment.html     http://vlab.co.in/
assignment/segment/Experiment.html     http://vlab.co.in/participating-institutes
assignment/segment/Experiment.html     http://vlab.co.in/contact-us
assignment/segment/Experiment.html     http://vlab.co.in/broad-area-computer-science-and-engineering
assignment/segment/Experiment.html     http://www.sakshat.ac.in/
assignment/segment/Experiment.html     http://outreach.vlabs.ac.in/
assignment/segment/Experiment.html     http://vlab.co.in/faq
assignment/segment/Feedback.html     http://vlab.co.in
assignment/segment/Feedback.html     http://vlab.co.in/
assignment/segment/Feedback.html     http://vlab.co.in/participating-institutes
assignment/segment/Feedback.html     http://vlab.co.in/contact-us
assignment/segment/Feedback.html     http://vlab.co.in/broad-area-computer-science-and-engineering
assignment/segment/Feedback.html     http://209.211.220.205/feedback/feedback.html
assignment/segment/Feedback.html     http://www.sakshat.ac.in/
assignment/segment/Feedback.html     http://outreach.vlabs.ac.in/
assignment/segment/Feedback.html     http://vlab.co.in/faq
assignment/segment/Introduction.html     http://vlabs.ac.in/index.html
assignment/segment/Introduction.html     http://vlab.co.in/
assignment/segment/Introduction.html     http://vlab.co.in/participating-institutes
assignment/segment/Introduction.html     http://vlab.co.in/broad-area-computer-science-and-engineering
assignment/segment/Introduction.html     http://vlab.co.in/contact-us
assignment/segment/Introduction.html     http://vlab.co.in/faq
assignment/segment/Introduction.html     http://outreach.vlabs.ac.in/
assignment/segment/Introduction.html     http://www.sakshat.ac.in/
assignment/segment/Objective.html     http://vlabs.ac.in/index.html
assignment/segment/Objective.html     http://vlab.co.in/
assignment/segment/Objective.html     http://vlab.co.in/participating-institutes
assignment/segment/Objective.html     http://vlab.co.in/contact-us
assignment/segment/Objective.html     http://vlab.co.in/broad-area-computer-science-and-engineering
assignment/segment/Objective.html     http://www.sakshat.ac.in/
assignment/segment/Objective.html     http://outreach.vlabs.ac.in/
assignment/segment/Objective.html     http://vlab.co.in/faq
assignment/segment/Procedure.html     http://vlabs.ac.in/index.html
assignment/segment/Procedure.html     http://vlab.co.in/
assignment/segment/Procedure.html     http://vlab.co.in/participating-institutes
assignment/segment/Procedure.html     http://vlab.co.in/contact-us
assignment/segment/Procedure.html     http://vlab.co.in/broad-area-computer-science-and-engineering
assignment/segment/Procedure.html     http://www.sakshat.ac.in/
assignment/segment/Procedure.html     http://outreach.vlabs.ac.in/
assignment/segment/Procedure.html     http://vlab.co.in/faq
assignment/segment/Quizzes.html     http://vlabs.ac.in/index.html
assignment/segment/Quizzes.html     http://vlab.co.in/
assignment/segment/Quizzes.html     http://vlab.co.in/participating-institutes
assignment/segment/Quizzes.html     http://vlab.co.in/contact-us
assignment/segment/Quizzes.html     http://vlab.co.in/broad-area-computer-science-and-engineering
assignment/segment/Quizzes.html     http://www.sakshat.ac.in/
assignment/segment/Quizzes.html     http://outreach.vlabs.ac.in/
assignment/segment/Quizzes.html     http://vlab.co.in/faq
assignment/segment/References.html     http://vlabs.ac.in/index.html
assignment/segment/References.html     http://vlab.co.in/
assignment/segment/References.html     http://vlab.co.in/participating-institutes
assignment/segment/References.html     http://vlab.co.in/contact-us
assignment/segment/References.html     http://vlab.co.in/broad-area-computer-science-and-engineering
assignment/segment/References.html     http://eeweb.poly.edu/%7Eonur/lectures/lectures.html
assignment/segment/References.html     http://www.eng.tau.ac.il/%7Eyaro/lectnotes/
assignment/segment/References.html     http://www.cs.nmt.edu/%7Eip/lectures.html
assignment/segment/References.html     http://www.sakshat.ac.in/
assignment/segment/References.html     http://outreach.vlabs.ac.in/
assignment/segment/References.html     http://vlab.co.in/faq
assignment/segment/Theory.html     http://vlabs.ac.in/index.html
assignment/segment/Theory.html     http://vlab.co.in/
assignment/segment/Theory.html     http://vlab.co.in/participating-institutes
assignment/segment/Theory.html     http://vlab.co.in/contact-us
assignment/segment/Theory.html     http://vlab.co.in/broad-area-computer-science-and-engineering
assignment/segment/Theory.html     http://www.sakshat.ac.in/
assignment/segment/Theory.html     http://outreach.vlabs.ac.in/
assignment/segment/Theory.html     http://vlab.co.in/faq
assignment/segment/references.html     http://eeweb.poly.edu/%7Eonur/lectures/lectures.html
assignment/segment/references.html     http://www.eng.tau.ac.il/%7Eyaro/lectnotes/
assignment/segment/references.html     http://www.cs.nmt.edu/%7Eip/lectures.html
simulation/segment/Assignment.html     http://vlabs.ac.in/index.html
simulation/segment/Assignment.html     http://vlab.co.in/
simulation/segment/Assignment.html     http://vlab.co.in/participating-institutes
simulation/segment/Assignment.html     http://vlab.co.in/contact-us
simulation/segment/Assignment.html     http://vlab.co.in/broad-area-computer-science-and-engineering
simulation/segment/Assignment.html     http://www.sakshat.ac.in/
simulation/segment/Assignment.html     http://outreach.vlabs.ac.in/
simulation/segment/Assignment.html     http://vlab.co.in/faq
simulation/segment/Experiment.html     http://vlabs.ac.in/index.html
simulation/segment/Experiment.html     http://vlab.co.in/
simulation/segment/Experiment.html     http://vlab.co.in/participating-institutes
simulation/segment/Experiment.html     http://vlab.co.in/contact-us
simulation/segment/Experiment.html     http://vlab.co.in/broad-area-computer-science-and-engineering
simulation/segment/Experiment.html     http://www.sakshat.ac.in/
simulation/segment/Experiment.html     http://outreach.vlabs.ac.in/
simulation/segment/Experiment.html     http://vlab.co.in/faq
simulation/segment/Feedback.html     http://vlab.co.in
simulation/segment/Feedback.html     http://vlab.co.in/
simulation/segment/Feedback.html     http://vlab.co.in/participating-institutes
simulation/segment/Feedback.html     http://vlab.co.in/contact-us
simulation/segment/Feedback.html     http://vlab.co.in/broad-area-computer-science-and-engineering
simulation/segment/Feedback.html     http://209.211.220.205/feedback/feedback.html
simulation/segment/Feedback.html     http://www.sakshat.ac.in/
simulation/segment/Feedback.html     http://outreach.vlabs.ac.in/
simulation/segment/Feedback.html     http://vlab.co.in/faq
simulation/segment/Introduction.html     http://vlabs.ac.in/index.html
simulation/segment/Introduction.html     http://vlab.co.in/
simulation/segment/Introduction.html     http://vlab.co.in/participating-institutes
simulation/segment/Introduction.html     http://vlab.co.in/contact-us
simulation/segment/Introduction.html     http://vlab.co.in/broad-area-computer-science-and-engineering
simulation/segment/Introduction.html     http://www.sakshat.ac.in/
simulation/segment/Introduction.html     http://outreach.vlabs.ac.in/
simulation/segment/Introduction.html     http://vlab.co.in/faq
simulation/segment/Objective.html     http://vlabs.ac.in/index.html
simulation/segment/Objective.html     http://vlab.co.in/
simulation/segment/Objective.html     http://vlab.co.in/participating-institutes
simulation/segment/Objective.html     http://vlab.co.in/contact-us
simulation/segment/Objective.html     http://vlab.co.in/broad-area-computer-science-and-engineering
simulation/segment/Objective.html     http://www.sakshat.ac.in/
simulation/segment/Objective.html     http://outreach.vlabs.ac.in/
simulation/segment/Objective.html     http://vlab.co.in/faq
simulation/segment/Procedure.html     http://vlabs.ac.in/index.html
simulation/segment/Procedure.html     http://vlab.co.in/
simulation/segment/Procedure.html     http://vlab.co.in/participating-institutes
simulation/segment/Procedure.html     http://vlab.co.in/contact-us
simulation/segment/Procedure.html     http://vlab.co.in/broad-area-computer-science-and-engineering
simulation/segment/Procedure.html     http://www.sakshat.ac.in/
simulation/segment/Procedure.html     http://outreach.vlabs.ac.in/
simulation/segment/Procedure.html     http://vlab.co.in/faq
simulation/segment/Quizzes.html     http://vlabs.ac.in/index.html
simulation/segment/Quizzes.html     http://vlab.co.in/
simulation/segment/Quizzes.html     http://vlab.co.in/participating-institutes
simulation/segment/Quizzes.html     http://vlab.co.in/contact-us
simulation/segment/Quizzes.html     http://vlab.co.in/broad-area-computer-science-and-engineering
simulation/segment/Quizzes.html     http://www.sakshat.ac.in/
simulation/segment/Quizzes.html     http://outreach.vlabs.ac.in/
simulation/segment/Quizzes.html     http://vlab.co.in/faq
simulation/segment/References.html     http://vlabs.ac.in/index.html
simulation/segment/References.html     http://vlab.co.in/
simulation/segment/References.html     http://vlab.co.in/participating-institutes
simulation/segment/References.html     http://vlab.co.in/contact-us
simulation/segment/References.html     http://vlab.co.in/broad-area-computer-science-and-engineering
simulation/segment/References.html     http://eeweb.poly.edu/%7Eonur/lectures/lectures.html
simulation/segment/References.html     http://www.eng.tau.ac.il/%7Eyaro/lectnotes/
simulation/segment/References.html     http://www.cs.nmt.edu/%7Eip/lectures.html
simulation/segment/References.html     http://www.sakshat.ac.in/
simulation/segment/References.html     http://outreach.vlabs.ac.in/
simulation/segment/References.html     http://vlab.co.in/faq
simulation/segment/Theory.html     http://vlabs.ac.in/index.html
simulation/segment/Theory.html     http://vlab.co.in/
simulation/segment/Theory.html     http://vlab.co.in/participating-institutes
simulation/segment/Theory.html     http://vlab.co.in/contact-us
simulation/segment/Theory.html     http://vlab.co.in/broad-area-computer-science-and-engineering
simulation/segment/Theory.html     http://www.sakshat.ac.in/
simulation/segment/Theory.html     http://outreach.vlabs.ac.in/
simulation/segment/Theory.html     http://vlab.co.in/faq
simulation/segment/references.html     http://eeweb.poly.edu/%7Eonur/lectures/lectures.html
simulation/segment/references.html     http://www.eng.tau.ac.il/%7Eyaro/lectnotes/
simulation/segment/references.html     http://www.cs.nmt.edu/%7Eip/lectures.html
